<?xml version="1.0" encoding="UTF-8"?>
<testng-results ignored="0" total="2" passed="2" failed="0" skipped="0">
  <reporter-output>
  </reporter-output>
  <suite started-at="2024-05-31T14:12:34 IST" name="Default suite" finished-at="2024-05-31T14:12:34 IST" duration-ms="69">
    <groups>
    </groups>
    <test started-at="2024-05-31T14:12:34 IST" name="Default test" finished-at="2024-05-31T14:12:34 IST" duration-ms="69">
      <class name="Pac2.CreateOrg">
        <test-method signature="createOrgTest()[pri:0, instance:Pac2.CreateOrg@79924b]" started-at="2024-05-31T14:12:34 IST" name="createOrgTest" finished-at="2024-05-31T14:12:34 IST" duration-ms="10" status="PASS">
          <reporter-output>
          </reporter-output>
        </test-method> <!-- createOrgTest -->
        <test-method signature="modifyOrgTest()[pri:0, instance:Pac2.CreateOrg@79924b]" started-at="2024-05-31T14:12:34 IST" name="modifyOrgTest" finished-at="2024-05-31T14:12:34 IST" duration-ms="4" status="PASS">
          <reporter-output>
          </reporter-output>
        </test-method> <!-- modifyOrgTest -->
      </class> <!-- Pac2.CreateOrg -->
    </test> <!-- Default test -->
  </suite> <!-- Default suite -->
</testng-results>
